# Logfile created on 2013-10-04 17:00:16 +0200 by logger.rb/31641
D, [2013-10-04T17:00:16.268218 #90104] DEBUG -- : REQUESTING PAGE: GET / with {} and HTTP headers {}
D, [2013-10-04T17:00:16.319331 #90104] DEBUG -- : REQUESTING PAGE: GET /about with {} and HTTP headers {"HTTP_REFERER"=>"/"}
D, [2013-10-04T17:00:16.327814 #90104] DEBUG -- : REQUESTING PAGE: GET /help with {} and HTTP headers {"HTTP_REFERER"=>"/about"}
D, [2013-10-04T17:00:16.336145 #90104] DEBUG -- : REQUESTING PAGE: GET /contact with {} and HTTP headers {"HTTP_REFERER"=>"/help"}
D, [2013-10-04T17:00:16.344539 #90104] DEBUG -- : REQUESTING PAGE: GET / with {} and HTTP headers {"HTTP_REFERER"=>"/contact"}
D, [2013-10-04T17:00:16.352727 #90104] DEBUG -- : REQUESTING PAGE: GET /signup with {} and HTTP headers {"HTTP_REFERER"=>"/"}
D, [2013-10-04T17:01:19.356324 #90169] DEBUG -- : REQUESTING PAGE: GET / with {} and HTTP headers {}
D, [2013-10-04T17:01:19.364828 #90169] DEBUG -- : REQUESTING PAGE: GET /about with {} and HTTP headers {"HTTP_REFERER"=>"/"}
D, [2013-10-04T17:01:19.373701 #90169] DEBUG -- : REQUESTING PAGE: GET /help with {} and HTTP headers {"HTTP_REFERER"=>"/about"}
D, [2013-10-04T17:01:19.383455 #90169] DEBUG -- : REQUESTING PAGE: GET /contact with {} and HTTP headers {"HTTP_REFERER"=>"/help"}
D, [2013-10-04T17:01:19.392732 #90169] DEBUG -- : REQUESTING PAGE: GET / with {} and HTTP headers {"HTTP_REFERER"=>"/contact"}
D, [2013-10-04T17:01:19.401782 #90169] DEBUG -- : REQUESTING PAGE: GET /signup with {} and HTTP headers {"HTTP_REFERER"=>"/"}
D, [2013-10-04T17:03:11.153827 #90240] DEBUG -- : REQUESTING PAGE: GET / with {} and HTTP headers {}
D, [2013-10-04T17:03:11.163156 #90240] DEBUG -- : REQUESTING PAGE: GET /about with {} and HTTP headers {"HTTP_REFERER"=>"/"}
D, [2013-10-04T17:03:11.173132 #90240] DEBUG -- : REQUESTING PAGE: GET /help with {} and HTTP headers {"HTTP_REFERER"=>"/about"}
D, [2013-10-04T17:03:11.182831 #90240] DEBUG -- : REQUESTING PAGE: GET /contact with {} and HTTP headers {"HTTP_REFERER"=>"/help"}
D, [2013-10-04T17:03:11.191996 #90240] DEBUG -- : REQUESTING PAGE: GET / with {} and HTTP headers {"HTTP_REFERER"=>"/contact"}
D, [2013-10-04T17:03:11.225398 #90240] DEBUG -- : REQUESTING PAGE: GET /signup with {} and HTTP headers {"HTTP_REFERER"=>"/"}
D, [2013-10-04T17:05:51.594123 #90310] DEBUG -- : REQUESTING PAGE: GET / with {} and HTTP headers {}
D, [2013-10-04T17:05:51.602351 #90310] DEBUG -- : REQUESTING PAGE: GET /about with {} and HTTP headers {"HTTP_REFERER"=>"/"}
D, [2013-10-04T17:05:51.610779 #90310] DEBUG -- : REQUESTING PAGE: GET /help with {} and HTTP headers {"HTTP_REFERER"=>"/about"}
D, [2013-10-04T17:05:51.619963 #90310] DEBUG -- : REQUESTING PAGE: GET /contact with {} and HTTP headers {"HTTP_REFERER"=>"/help"}
D, [2013-10-04T17:05:51.629472 #90310] DEBUG -- : REQUESTING PAGE: GET / with {} and HTTP headers {"HTTP_REFERER"=>"/contact"}
D, [2013-10-04T17:05:51.639187 #90310] DEBUG -- : REQUESTING PAGE: GET /signup with {} and HTTP headers {"HTTP_REFERER"=>"/"}
D, [2013-10-04T17:11:09.030670 #90376] DEBUG -- : REQUESTING PAGE: GET / with {} and HTTP headers {}
D, [2013-10-04T17:11:09.089095 #90376] DEBUG -- : REQUESTING PAGE: GET /about with {} and HTTP headers {"HTTP_REFERER"=>"/"}
D, [2013-10-04T17:11:09.114823 #90376] DEBUG -- : REQUESTING PAGE: GET /help with {} and HTTP headers {"HTTP_REFERER"=>"/about"}
D, [2013-10-04T17:11:09.124975 #90376] DEBUG -- : REQUESTING PAGE: GET /contact with {} and HTTP headers {"HTTP_REFERER"=>"/help"}
D, [2013-10-04T17:11:09.134807 #90376] DEBUG -- : REQUESTING PAGE: GET / with {} and HTTP headers {"HTTP_REFERER"=>"/contact"}
D, [2013-10-04T17:11:09.144294 #90376] DEBUG -- : REQUESTING PAGE: GET /signup with {} and HTTP headers {"HTTP_REFERER"=>"/"}
D, [2013-10-04T17:11:31.305305 #90440] DEBUG -- : REQUESTING PAGE: GET / with {} and HTTP headers {}
D, [2013-10-04T17:11:31.313290 #90440] DEBUG -- : REQUESTING PAGE: GET /about with {} and HTTP headers {"HTTP_REFERER"=>"/"}
D, [2013-10-04T17:11:31.321514 #90440] DEBUG -- : REQUESTING PAGE: GET /help with {} and HTTP headers {"HTTP_REFERER"=>"/about"}
D, [2013-10-04T17:11:31.330082 #90440] DEBUG -- : REQUESTING PAGE: GET /contact with {} and HTTP headers {"HTTP_REFERER"=>"/help"}
D, [2013-10-04T17:11:31.339216 #90440] DEBUG -- : REQUESTING PAGE: GET / with {} and HTTP headers {"HTTP_REFERER"=>"/contact"}
D, [2013-10-04T17:11:31.348160 #90440] DEBUG -- : REQUESTING PAGE: GET /signup with {} and HTTP headers {"HTTP_REFERER"=>"/"}
